#
# A fatal error has been detected by the Java Runtime Environment:
#
#  EXCEPTION_ACCESS_VIOLATION (0xc0000005) at pc=0x0000000059f77984, pid=10108, tid=8056
#
# JRE version: Java(TM) SE Runtime Environment (9.0+11) (build 9.0.1+11)
# Java VM: Java HotSpot(TM) 64-Bit Server VM (9.0.1+11, mixed mode, tiered, compressed oops, g1 gc, windows-amd64)
# Problematic frame:
# V  [jvm.dll+0x217984]
#
# No core dump will be written. Minidumps are not enabled by default on client versions of Windows
#
# If you would like to submit a bug report, please visit:
#   http://bugreport.java.com/bugreport/crash.jsp
#

---------------  S U M M A R Y ------------

Command Line: -agentlib:jdwp=transport=dt_socket,suspend=y,address=localhost:49536 -javaagent:C:\Users\ANGELA SANTA MARIA\eclipse\java-2019-12\eclipse\configuration\org.eclipse.osgi\226\0\.cp\lib\javaagent-shaded.jar -Dfile.encoding=Cp1252 Modelo.VentanaInicio

Host: Intel(R) Core(TM) i5-5200U CPU @ 2.20GHz, 4 cores, 5G,  Windows 10 , 64 bit Build 18362 (10.0.18362.778)
Time: Fri May 29 15:29:30 2020 Hora est. Pacífico, Sudamérica elapsed time: 92 seconds (0d 0h 1m 32s)

---------------  T H R E A D  ---------------

Current thread (0x000002bac704c800):  VMThread "VM Thread" [stack: 0x000000dc5d700000,0x000000dc5d800000] [id=8056]

Stack: [0x000000dc5d700000,0x000000dc5d800000],  sp=0x000000dc5d7fee98,  free space=1019k
Native frames: (J=compiled Java code, j=interpreted, Vv=VM code, C=native code)


siginfo: EXCEPTION_ACCESS_VIOLATION (0xc0000005), reading address 0x000002bacb42ddf0


Register to memory mapping:

RIP=0x0000000059f77984 jvm.dll
RAX=0x0000000000194140 is an unknown value
RBX=0x000002bacb298f20 is pointing into metadata
RCX=0x000002bacb299ca0 is pointing into metadata
RDX=0x000000000000ca0a is an unknown value
RSP=0x000000dc5d7fee98 is an unknown value
RBP=0x0000000000000000 is an unknown value
RSI=0x000000dc5d7ff150 is an unknown value
RDI=0x000000dc5d7ff150 is an unknown value
R8 =0x0000000000000000 is an unknown value
R9 =0x000002bacb298f20 is pointing into metadata
R10=0x000002bac76767b0 is an unknown value
R11=0x000002bac7676370 is an unknown value
R12=0x000000dc5d7ff201 is an unknown value
R13=0x0000000000000000 is an unknown value
R14=0x0000000000000000 is an unknown value
R15=0x00000000000002d0 is an unknown value


Registers:
RAX=0x0000000000194140, RBX=0x000002bacb298f20, RCX=0x000002bacb299ca0, RDX=0x000000000000ca0a
RSP=0x000000dc5d7fee98, RBP=0x0000000000000000, RSI=0x000000dc5d7ff150, RDI=0x000000dc5d7ff150
R8 =0x0000000000000000, R9 =0x000002bacb298f20, R10=0x000002bac76767b0, R11=0x000002bac7676370
R12=0x000000dc5d7ff201, R13=0x0000000000000000, R14=0x0000000000000000, R15=0x00000000000002d0
RIP=0x0000000059f77984, EFLAGS=0x0000000000010202

Top of Stack: (sp=0x000000dc5d7fee98)
0x000000dc5d7fee98:   000000005a053b43 0000000000000027
0x000000dc5d7feea8:   000000005a0574cd 000000dc5d7ff150
0x000000dc5d7feeb8:   000000005a057195 000002bac76762f0
0x000000dc5d7feec8:   000002ba00000000 0000000046000163
0x000000dc5d7feed8:   8fffffff8fffffff 0000aec7597fecfc
0x000000dc5d7feee8:   000000005a056910 0000000000000012
0x000000dc5d7feef8:   000000dc5d7fef90 000000dc5d7ff150
0x000000dc5d7fef08:   000000005a055f2f 000000dc5d7ff150
0x000000dc5d7fef18:   0000000000000174 000000dc5d7fefc0
0x000000dc5d7fef28:   000000dc5d7ff150 0000000000000174
0x000000dc5d7fef38:   0000000000000011 00000000000002d0
0x000000dc5d7fef48:   000000000000017a 000002bac76762f0
0x000000dc5d7fef58:   000000005a05654e 000000dc5d7ff150
0x000000dc5d7fef68:   000000dc5d7fefc0 0000000000000012
0x000000dc5d7fef78:   000002bac76762f0 0000000000000000
0x000000dc5d7fef88:   000000005a058451 000002bacb298ce8 

Instructions: (pc=0x0000000059f77984)
0x0000000059f77964:   18 f7 d2 48 63 c2 48 c1 e0 05 48 8b 44 08 10 0f
0x0000000059f77974:   b7 c0 41 0f b7 44 c1 4a c3 48 63 c2 48 c1 e0 05
0x0000000059f77984:   48 8b 44 08 10 0f b7 d0 48 63 c2 41 0f b7 44 c1
0x0000000059f77994:   4a c3 49 8b 41 08 48 63 ca 0f b6 44 08 04 3c 12 


VM_Operation (0x000000dc5e2ff800): GetOrSetLocal, mode: safepoint, requested by thread 0x000002bac73d5000


---------------  P R O C E S S  ---------------

Java Threads: ( => current thread )
  0x000002baca3cc000 JavaThread "TimerQueue" daemon [_thread_blocked, id=7204, stack(0x000000dc5ee00000,0x000000dc5ef00000)]
  0x000002baa8cc6000 JavaThread "DestroyJavaVM" [_thread_blocked, id=15984, stack(0x000000dc5cb00000,0x000000dc5cc00000)]
  0x000002bac7cff800 JavaThread "AWT-EventQueue-0" [_thread_blocked, id=15364, stack(0x000000dc5ea00000,0x000000dc5eb00000)]
  0x000002bac7c71000 JavaThread "AWT-Windows" daemon [_thread_in_native, id=3964, stack(0x000000dc5e900000,0x000000dc5ea00000)]
  0x000002bac7c32800 JavaThread "AWT-Shutdown" [_thread_blocked, id=16004, stack(0x000000dc5e800000,0x000000dc5e900000)]
  0x000002bac7c47000 JavaThread "Java2D Disposer" daemon [_thread_blocked, id=480, stack(0x000000dc5e700000,0x000000dc5e800000)]
  0x000002bac74cf000 JavaThread "Service Thread" daemon [_thread_blocked, id=15992, stack(0x000000dc5e500000,0x000000dc5e600000)]
  0x000002bac73d8800 JavaThread "JDWP Command Reader" daemon [_thread_in_native, id=740, stack(0x000000dc5e400000,0x000000dc5e500000)]
  0x000002bac73d8000 JavaThread "JDWP Event Helper Thread" daemon [_thread_blocked, id=18128, stack(0x000000dc5e300000,0x000000dc5e400000)]
  0x000002bac73d5000 JavaThread "JDWP Transport Listener: dt_socket" daemon [_thread_blocked, id=11744, stack(0x000000dc5e200000,0x000000dc5e300000)]
  0x000002bac7166800 JavaThread "Common-Cleaner" daemon [_thread_blocked, id=18368, stack(0x000000dc5e000000,0x000000dc5e100000)]
  0x000002bac7070000 JavaThread "Sweeper thread" daemon [_thread_blocked, id=17696, stack(0x000000dc5df00000,0x000000dc5e000000)]
  0x000002bac706e800 JavaThread "C1 CompilerThread2" daemon [_thread_blocked, id=15384, stack(0x000000dc5de00000,0x000000dc5df00000)]
  0x000002bac706a000 JavaThread "C2 CompilerThread1" daemon [_thread_blocked, id=14384, stack(0x000000dc5dd00000,0x000000dc5de00000)]
  0x000002bac7069000 JavaThread "C2 CompilerThread0" daemon [_thread_blocked, id=7592, stack(0x000000dc5dc00000,0x000000dc5dd00000)]
  0x000002bac7065800 JavaThread "Attach Listener" daemon [_thread_blocked, id=11852, stack(0x000000dc5db00000,0x000000dc5dc00000)]
  0x000002bac7064800 JavaThread "Signal Dispatcher" daemon [_thread_blocked, id=18320, stack(0x000000dc5da00000,0x000000dc5db00000)]
  0x000002bac7056800 JavaThread "Finalizer" daemon [_thread_blocked, id=13208, stack(0x000000dc5d900000,0x000000dc5da00000)]
  0x000002bac7023800 JavaThread "Reference Handler" daemon [_thread_blocked, id=17496, stack(0x000000dc5d800000,0x000000dc5d900000)]

Other Threads:
=>0x000002bac704c800 VMThread "VM Thread" [stack: 0x000000dc5d700000,0x000000dc5d800000] [id=8056]
  0x000002bac74cc800 WatcherThread [stack: 0x000000dc5e600000,0x000000dc5e700000] [id=16172]
  0x000002baa8cdd000 GCTaskThread "GC Thread#0" [stack: 0x000000dc5cc00000,0x000000dc5cd00000] [id=9556]
  0x000002baa8cde800 GCTaskThread "GC Thread#1" [stack: 0x000000dc5cd00000,0x000000dc5ce00000] [id=8836]
  0x000002baa8ce8000 GCTaskThread "GC Thread#2" [stack: 0x000000dc5ce00000,0x000000dc5cf00000] [id=16864]
  0x000002baa8cec800 GCTaskThread "GC Thread#3" [stack: 0x000000dc5cf00000,0x000000dc5d000000] [id=7916]
  0x000002baa8d53800 ConcurrentGCThread "G1 Main Marker" [stack: 0x000000dc5d500000,0x000000dc5d600000] [id=15788]
  0x000002baa8d56000 ConcurrentGCThread "G1 Marker#0" [stack: 0x000000dc5d600000,0x000000dc5d700000] [id=13524]
  0x000002baa8cf5000 ConcurrentGCThread "G1 Refine#0" [stack: 0x000000dc5d300000,0x000000dc5d400000] [id=8552]
  0x000002baa8cf4800 ConcurrentGCThread "G1 Refine#1" [stack: 0x000000dc5d200000,0x000000dc5d300000] [id=13416]
  0x000002baa8cf3000 ConcurrentGCThread "G1 Refine#2" [stack: 0x000000dc5d100000,0x000000dc5d200000] [id=15476]
  0x000002baa8cf0800 ConcurrentGCThread "G1 Refine#3" [stack: 0x000000dc5d000000,0x000000dc5d100000] [id=14012]
  0x000002baa8d06000 ConcurrentGCThread "G1 Young RemSet Sampling" [stack: 0x000000dc5d400000,0x000000dc5d500000] [id=9292]

Threads with active compile tasks:

VM state:at safepoint (normal execution)

VM Mutex/Monitor currently owned by a thread:  ([mutex/lock_event])
[0x000002baa8cc1290] Threads_lock - owner thread: 0x000002bac704c800

Heap address: 0x00000000a1400000, size: 1516 MB, Compressed Oops mode: 32-bit
Narrow klass base: 0x0000000000000000, Narrow klass shift: 3
Compressed class space size: 1073741824 Address: 0x0000000100000000

Heap:
 garbage-first heap   total 98304K, used 64519K [0x00000000a1400000, 0x00000000a1500300, 0x0000000100000000)
  region size 1024K, 18 young (18432K), 2 survivors (2048K)
 Metaspace       used 15964K, capacity 16856K, committed 17152K, reserved 1064960K
  class space    used 1845K, capacity 2027K, committed 2048K, reserved 1048576K
Heap Regions: E=young(eden), S=young(survivor), O=old, HS=humongous(starts), HC=humongous(continues), CS=collection set, F=free, A=archive, TS=gc time stamp, AC=allocation context, TAMS=top-at-mark-start (previous, next)
|   0|0x00000000a1400000, 0x00000000a1500000, 0x00000000a1500000|100%| O|  |TS  1|AC  0|TAMS 0x00000000a1471000, 0x00000000a1471000|
|   1|0x00000000a1500000, 0x00000000a1600000, 0x00000000a1600000|100%|HS|  |TS  0|AC  0|TAMS 0x00000000a1600000, 0x00000000a1600000|
|   2|0x00000000a1600000, 0x00000000a1700000, 0x00000000a1700000|100%|HS|  |TS  0|AC  0|TAMS 0x00000000a1600000, 0x00000000a1600000|
|   3|0x00000000a1700000, 0x00000000a1800000, 0x00000000a1800000|100%|HC|  |TS  0|AC  0|TAMS 0x00000000a1700000, 0x00000000a1700000|
|   4|0x00000000a1800000, 0x00000000a1900000, 0x00000000a1900000|100%|HC|  |TS  0|AC  0|TAMS 0x00000000a1800000, 0x00000000a1800000|
|   5|0x00000000a1900000, 0x00000000a1a00000, 0x00000000a1a00000|100%|HC|  |TS  0|AC  0|TAMS 0x00000000a1900000, 0x00000000a1900000|
|   6|0x00000000a1a00000, 0x00000000a1b00000, 0x00000000a1b00000|100%|HC|  |TS  0|AC  0|TAMS 0x00000000a1a00000, 0x00000000a1a00000|
|   7|0x00000000a1b00000, 0x00000000a1c00000, 0x00000000a1c00000|100%|HC|  |TS  0|AC  0|TAMS 0x00000000a1b00000, 0x00000000a1b00000|
|   8|0x00000000a1c00000, 0x00000000a1d00000, 0x00000000a1d00000|100%|HC|  |TS  0|AC  0|TAMS 0x00000000a1c00000, 0x00000000a1c00000|
|   9|0x00000000a1d00000, 0x00000000a1e00000, 0x00000000a1e00000|100%|HC|  |TS  0|AC  0|TAMS 0x00000000a1d00000, 0x00000000a1d00000|
|  10|0x00000000a1e00000, 0x00000000a1f00000, 0x00000000a1f00000|100%|HC|  |TS  0|AC  0|TAMS 0x00000000a1e00000, 0x00000000a1e00000|
|  11|0x00000000a1f00000, 0x00000000a2000000, 0x00000000a2000000|100%|HC|  |TS  0|AC  0|TAMS 0x00000000a1f00000, 0x00000000a1f00000|
|  12|0x00000000a2000000, 0x00000000a2100000, 0x00000000a2100000|100%|HC|  |TS  0|AC  0|TAMS 0x00000000a2000000, 0x00000000a2000000|
|  13|0x00000000a2100000, 0x00000000a2200000, 0x00000000a2200000|100%|HC|  |TS  0|AC  0|TAMS 0x00000000a2100000, 0x00000000a2100000|
|  14|0x00000000a2200000, 0x00000000a2300000, 0x00000000a2300000|100%|HC|  |TS  0|AC  0|TAMS 0x00000000a2200000, 0x00000000a2200000|
|  15|0x00000000a2300000, 0x00000000a2400000, 0x00000000a2400000|100%|HC|  |TS  0|AC  0|TAMS 0x00000000a2300000, 0x00000000a2300000|
|  16|0x00000000a2400000, 0x00000000a2500000, 0x00000000a2500000|100%|HC|  |TS  0|AC  0|TAMS 0x00000000a2400000, 0x00000000a2400000|
|  17|0x00000000a2500000, 0x00000000a2600000, 0x00000000a2600000|100%|HC|  |TS  0|AC  0|TAMS 0x00000000a2500000, 0x00000000a2500000|
|  18|0x00000000a2600000, 0x00000000a2700000, 0x00000000a2700000|100%|HC|  |TS  0|AC  0|TAMS 0x00000000a2600000, 0x00000000a2600000|
|  19|0x00000000a2700000, 0x00000000a2800000, 0x00000000a2800000|100%|HC|  |TS  0|AC  0|TAMS 0x00000000a2700000, 0x00000000a2700000|
|  20|0x00000000a2800000, 0x00000000a2900000, 0x00000000a2900000|100%|HC|  |TS  0|AC  0|TAMS 0x00000000a2800000, 0x00000000a2800000|
|  21|0x00000000a2900000, 0x00000000a2a00000, 0x00000000a2a00000|100%|HC|  |TS  0|AC  0|TAMS 0x00000000a2900000, 0x00000000a2900000|
|  22|0x00000000a2a00000, 0x00000000a2b00000, 0x00000000a2b00000|100%|HC|  |TS  0|AC  0|TAMS 0x00000000a2a00000, 0x00000000a2a00000|
|  23|0x00000000a2b00000, 0x00000000a2c00000, 0x00000000a2c00000|100%|HC|  |TS  0|AC  0|TAMS 0x00000000a2b00000, 0x00000000a2b00000|
|  24|0x00000000a2c00000, 0x00000000a2d00000, 0x00000000a2d00000|100%|HC|  |TS  0|AC  0|TAMS 0x00000000a2c00000, 0x00000000a2c00000|
|  25|0x00000000a2d00000, 0x00000000a2e00000, 0x00000000a2e00000|100%|HC|  |TS  0|AC  0|TAMS 0x00000000a2d00000, 0x00000000a2d00000|
|  26|0x00000000a2e00000, 0x00000000a2f00000, 0x00000000a2f00000|100%|HC|  |TS  0|AC  0|TAMS 0x00000000a2e00000, 0x00000000a2e00000|
|  27|0x00000000a2f00000, 0x00000000a3000000, 0x00000000a3000000|100%|HC|  |TS  0|AC  0|TAMS 0x00000000a2f00000, 0x00000000a2f00000|
|  28|0x00000000a3000000, 0x00000000a3100000, 0x00000000a3100000|100%|HC|  |TS  0|AC  0|TAMS 0x00000000a3000000, 0x00000000a3000000|
|  29|0x00000000a3100000, 0x00000000a3200000, 0x00000000a3200000|100%|HC|  |TS  0|AC  0|TAMS 0x00000000a3100000, 0x00000000a3100000|
|  30|0x00000000a3200000, 0x00000000a3300000, 0x00000000a3300000|100%|HC|  |TS  0|AC  0|TAMS 0x00000000a3200000, 0x00000000a3200000|
|  31|0x00000000a3300000, 0x00000000a3400000, 0x00000000a3400000|100%|HC|  |TS  0|AC  0|TAMS 0x00000000a3300000, 0x00000000a3300000|
|  32|0x00000000a3400000, 0x00000000a3500000, 0x00000000a3500000|100%|HC|  |TS  0|AC  0|TAMS 0x00000000a3400000, 0x00000000a3400000|
|  33|0x00000000a3500000, 0x00000000a3600000, 0x00000000a3600000|100%|HC|  |TS  0|AC  0|TAMS 0x00000000a3500000, 0x00000000a3500000|
|  34|0x00000000a3600000, 0x00000000a3700000, 0x00000000a3700000|100%|HC|  |TS  0|AC  0|TAMS 0x00000000a3600000, 0x00000000a3600000|
|  35|0x00000000a3700000, 0x00000000a3800000, 0x00000000a3800000|100%|HC|  |TS  0|AC  0|TAMS 0x00000000a3700000, 0x00000000a3700000|
|  36|0x00000000a3800000, 0x00000000a3900000, 0x00000000a3900000|100%|HC|  |TS  0|AC  0|TAMS 0x00000000a3800000, 0x00000000a3800000|
|  37|0x00000000a3900000, 0x00000000a3a00000, 0x00000000a3a00000|100%|HC|  |TS  0|AC  0|TAMS 0x00000000a3900000, 0x00000000a3900000|
|  38|0x00000000a3a00000, 0x00000000a3b00000, 0x00000000a3b00000|100%|HC|  |TS  0|AC  0|TAMS 0x00000000a3a00000, 0x00000000a3a00000|
|  39|0x00000000a3b00000, 0x00000000a3c00000, 0x00000000a3c00000|100%|HC|  |TS  0|AC  0|TAMS 0x00000000a3b00000, 0x00000000a3b00000|
|  40|0x00000000a3c00000, 0x00000000a3d00000, 0x00000000a3d00000|100%|HC|  |TS  0|AC  0|TAMS 0x00000000a3c00000, 0x00000000a3c00000|
|  41|0x00000000a3d00000, 0x00000000a3e00000, 0x00000000a3e00000|100%|HC|  |TS  0|AC  0|TAMS 0x00000000a3d00000, 0x00000000a3d00000|
|  42|0x00000000a3e00000, 0x00000000a3f00000, 0x00000000a3f00000|100%|HC|  |TS  0|AC  0|TAMS 0x00000000a3e00000, 0x00000000a3e00000|
|  43|0x00000000a3f00000, 0x00000000a4000000, 0x00000000a4000000|100%|HC|  |TS  0|AC  0|TAMS 0x00000000a3f00000, 0x00000000a3f00000|
|  44|0x00000000a4000000, 0x00000000a4100000, 0x00000000a4100000|100%|HC|  |TS  0|AC  0|TAMS 0x00000000a4000000, 0x00000000a4000000|
|  45|0x00000000a4100000, 0x00000000a4200000, 0x00000000a4200000|100%| O|  |TS  1|AC  0|TAMS 0x00000000a4100000, 0x00000000a4100000|
|  46|0x00000000a4200000, 0x00000000a426e400, 0x00000000a4300000| 43%| O|  |TS  1|AC  0|TAMS 0x00000000a4200000, 0x00000000a4200000|
|  47|0x00000000a4300000, 0x00000000a4300000, 0x00000000a4400000|  0%| F|  |TS  0|AC  0|TAMS 0x00000000a4300000, 0x00000000a4300000|
|  48|0x00000000a4400000, 0x00000000a4400000, 0x00000000a4500000|  0%| F|  |TS  0|AC  0|TAMS 0x00000000a4400000, 0x00000000a4400000|
|  49|0x00000000a4500000, 0x00000000a4500000, 0x00000000a4600000|  0%| F|  |TS  0|AC  0|TAMS 0x00000000a4500000, 0x00000000a4500000|
|  50|0x00000000a4600000, 0x00000000a4600000, 0x00000000a4700000|  0%| F|  |TS  0|AC  0|TAMS 0x00000000a4600000, 0x00000000a4600000|
|  51|0x00000000a4700000, 0x00000000a4700000, 0x00000000a4800000|  0%| F|  |TS  0|AC  0|TAMS 0x00000000a4700000, 0x00000000a4700000|
|  52|0x00000000a4800000, 0x00000000a4800000, 0x00000000a4900000|  0%| F|  |TS  0|AC  0|TAMS 0x00000000a4800000, 0x00000000a4800000|
|  53|0x00000000a4900000, 0x00000000a4900000, 0x00000000a4a00000|  0%| F|  |TS  0|AC  0|TAMS 0x00000000a4900000, 0x00000000a4900000|
|  54|0x00000000a4a00000, 0x00000000a4a00000, 0x00000000a4b00000|  0%| F|  |TS  0|AC  0|TAMS 0x00000000a4a00000, 0x00000000a4a00000|
|  55|0x00000000a4b00000, 0x00000000a4b00000, 0x00000000a4c00000|  0%| F|  |TS  0|AC  0|TAMS 0x00000000a4b00000, 0x00000000a4b00000|
|  56|0x00000000a4c00000, 0x00000000a4c00000, 0x00000000a4d00000|  0%| F|  |TS  0|AC  0|TAMS 0x00000000a4c00000, 0x00000000a4c00000|
|  57|0x00000000a4d00000, 0x00000000a4d00000, 0x00000000a4e00000|  0%| F|  |TS  0|AC  0|TAMS 0x00000000a4d00000, 0x00000000a4d00000|
|  58|0x00000000a4e00000, 0x00000000a4e00000, 0x00000000a4f00000|  0%| F|  |TS  0|AC  0|TAMS 0x00000000a4e00000, 0x00000000a4e00000|
|  59|0x00000000a4f00000, 0x00000000a4f00000, 0x00000000a5000000|  0%| F|  |TS  0|AC  0|TAMS 0x00000000a4f00000, 0x00000000a4f00000|
|  60|0x00000000a5000000, 0x00000000a5093ba0, 0x00000000a5100000| 57%| S|CS|TS  1|AC  0|TAMS 0x00000000a5000000, 0x00000000a5000000|
|  61|0x00000000a5100000, 0x00000000a5200000, 0x00000000a5200000|100%| S|CS|TS  1|AC  0|TAMS 0x00000000a5100000, 0x00000000a5100000|
|  62|0x00000000a5200000, 0x00000000a5200000, 0x00000000a5300000|  0%| F|  |TS  1|AC  0|TAMS 0x00000000a5200000, 0x00000000a5200000|
|  63|0x00000000a5300000, 0x00000000a5300000, 0x00000000a5400000|  0%| F|  |TS  1|AC  0|TAMS 0x00000000a5300000, 0x00000000a5300000|
|  64|0x00000000a5400000, 0x00000000a5400000, 0x00000000a5500000|  0%| F|  |TS  1|AC  0|TAMS 0x00000000a5400000, 0x00000000a5400000|
|  65|0x00000000a5500000, 0x00000000a5500000, 0x00000000a5600000|  0%| F|  |TS  1|AC  0|TAMS 0x00000000a5500000, 0x00000000a5500000|
|  66|0x00000000a5600000, 0x00000000a5600000, 0x00000000a5700000|  0%| F|  |TS  1|AC  0|TAMS 0x00000000a5600000, 0x00000000a5600000|
|  67|0x00000000a5700000, 0x00000000a5700000, 0x00000000a5800000|  0%| F|  |TS  1|AC  0|TAMS 0x00000000a5700000, 0x00000000a5700000|
|  68|0x00000000a5800000, 0x00000000a5800000, 0x00000000a5900000|  0%| F|  |TS  1|AC  0|TAMS 0x00000000a5800000, 0x00000000a5800000|
|  69|0x00000000a5900000, 0x00000000a5900000, 0x00000000a5a00000|  0%| F|  |TS  1|AC  0|TAMS 0x00000000a5900000, 0x00000000a5900000|
|  70|0x00000000a5a00000, 0x00000000a5a00000, 0x00000000a5b00000|  0%| F|  |TS  1|AC  0|TAMS 0x00000000a5a00000, 0x00000000a5a00000|
|  71|0x00000000a5b00000, 0x00000000a5b00000, 0x00000000a5c00000|  0%| F|  |TS  1|AC  0|TAMS 0x00000000a5b00000, 0x00000000a5b00000|
|  72|0x00000000a5c00000, 0x00000000a5c00000, 0x00000000a5d00000|  0%| F|  |TS  1|AC  0|TAMS 0x00000000a5c00000, 0x00000000a5c00000|
|  73|0x00000000a5d00000, 0x00000000a5d00000, 0x00000000a5e00000|  0%| F|  |TS  1|AC  0|TAMS 0x00000000a5d00000, 0x00000000a5d00000|
|  74|0x00000000a5e00000, 0x00000000a5e00000, 0x00000000a5f00000|  0%| F|  |TS  1|AC  0|TAMS 0x00000000a5e00000, 0x00000000a5e00000|
|  75|0x00000000a5f00000, 0x00000000a5f00000, 0x00000000a6000000|  0%| F|  |TS  1|AC  0|TAMS 0x00000000a5f00000, 0x00000000a5f00000|
|  76|0x00000000a6000000, 0x00000000a6000000, 0x00000000a6100000|  0%| F|  |TS  1|AC  0|TAMS 0x00000000a6000000, 0x00000000a6000000|
|  77|0x00000000a6100000, 0x00000000a6100000, 0x00000000a6200000|  0%| F|  |TS  1|AC  0|TAMS 0x00000000a6100000, 0x00000000a6100000|
|  78|0x00000000a6200000, 0x00000000a6200000, 0x00000000a6300000|  0%| F|  |TS  1|AC  0|TAMS 0x00000000a6200000, 0x00000000a6200000|
|  79|0x00000000a6300000, 0x00000000a6300000, 0x00000000a6400000|  0%| F|  |TS  1|AC  0|TAMS 0x00000000a6300000, 0x00000000a6300000|
|  80|0x00000000a6400000, 0x00000000a64aa570, 0x00000000a6500000| 66%| E|  |TS  1|AC  0|TAMS 0x00000000a6400000, 0x00000000a6400000|
|  81|0x00000000a6500000, 0x00000000a6600000, 0x00000000a6600000|100%| E|CS|TS  1|AC  0|TAMS 0x00000000a6500000, 0x00000000a6500000|
|  82|0x00000000a6600000, 0x00000000a6700000, 0x00000000a6700000|100%| E|CS|TS  1|AC  0|TAMS 0x00000000a6600000, 0x00000000a6600000|
|  83|0x00000000a6700000, 0x00000000a6800000, 0x00000000a6800000|100%| E|CS|TS  1|AC  0|TAMS 0x00000000a6700000, 0x00000000a6700000|
|  84|0x00000000a6800000, 0x00000000a6900000, 0x00000000a6900000|100%| E|CS|TS  1|AC  0|TAMS 0x00000000a6800000, 0x00000000a6800000|
|  85|0x00000000a6900000, 0x00000000a6a00000, 0x00000000a6a00000|100%| E|CS|TS  1|AC  0|TAMS 0x00000000a6900000, 0x00000000a6900000|
|  86|0x00000000a6a00000, 0x00000000a6b00000, 0x00000000a6b00000|100%| E|CS|TS  1|AC  0|TAMS 0x00000000a6a00000, 0x00000000a6a00000|
|  87|0x00000000a6b00000, 0x00000000a6c00000, 0x00000000a6c00000|100%| E|CS|TS  1|AC  0|TAMS 0x00000000a6b00000, 0x00000000a6b00000|
|  88|0x00000000a6c00000, 0x00000000a6d00000, 0x00000000a6d00000|100%| E|CS|TS  1|AC  0|TAMS 0x00000000a6c00000, 0x00000000a6c00000|
|  89|0x00000000a6d00000, 0x00000000a6e00000, 0x00000000a6e00000|100%| E|CS|TS  1|AC  0|TAMS 0x00000000a6d00000, 0x00000000a6d00000|
|  90|0x00000000a6e00000, 0x00000000a6f00000, 0x00000000a6f00000|100%| E|CS|TS  1|AC  0|TAMS 0x00000000a6e00000, 0x00000000a6e00000|
|  91|0x00000000a6f00000, 0x00000000a7000000, 0x00000000a7000000|100%| E|CS|TS  1|AC  0|TAMS 0x00000000a6f00000, 0x00000000a6f00000|
|  92|0x00000000a7000000, 0x00000000a7100000, 0x00000000a7100000|100%| E|CS|TS  1|AC  0|TAMS 0x00000000a7000000, 0x00000000a7000000|
|  93|0x00000000a7100000, 0x00000000a7200000, 0x00000000a7200000|100%| E|CS|TS  1|AC  0|TAMS 0x00000000a7100000, 0x00000000a7100000|
|  94|0x00000000a7200000, 0x00000000a7300000, 0x00000000a7300000|100%| E|CS|TS  1|AC  0|TAMS 0x00000000a7200000, 0x00000000a7200000|
|  95|0x00000000a7300000, 0x00000000a7400000, 0x00000000a7400000|100%| E|CS|TS  1|AC  0|TAMS 0x00000000a7300000, 0x00000000a7300000|

Card table byte_map: [0x000002bac0d00000,0x000002bac1000000] byte_map_base: 0x000002bac07f6000

Marking Bits (Prev, Next): (CMBitMap*) 0x000002baa8d52ca8, (CMBitMap*) 0x000002baa8d52c70
 Prev Bits: [0x000002bac2ab0000, 0x000002bac4260000)
 Next Bits: [0x000002bac1300000, 0x000002bac2ab0000)

Polling page: 0x000002baa8ba0000

CodeHeap 'non-profiled nmethods': size=120064Kb used=549Kb max_used=549Kb free=119514Kb
 bounds [0x000002bab8c90000, 0x000002bab8f00000, 0x000002bac01d0000]
CodeHeap 'profiled nmethods': size=120000Kb used=2764Kb max_used=2764Kb free=117235Kb
 bounds [0x000002bab1760000, 0x000002bab1a20000, 0x000002bab8c90000]
CodeHeap 'non-nmethods': size=5696Kb used=1366Kb max_used=1381Kb free=4329Kb
 bounds [0x000002bab11d0000, 0x000002bab1440000, 0x000002bab1760000]
 total_blobs=2270 nmethods=1418 adapters=517
 compilation: enabled

Compilation events (10 events):
Event: 91.380 Thread 0x000002bac706e800 nmethod 1414 0x000002bab19ece10 code [0x000002bab19ecfc0, 0x000002bab19ed1b8]
Event: 91.380 Thread 0x000002bac706e800 1413       3       org.eclipse.jdt.launching.internal.org.objectweb.asm.MethodWriter::visitLocalVariable (222 bytes)
Event: 91.382 Thread 0x000002bac706a000 nmethod 1415 0x000002bab8d18f90 code [0x000002bab8d19140, 0x000002bab8d19328]
Event: 91.382 Thread 0x000002bac706e800 nmethod 1413 0x000002bab19ed290 code [0x000002bab19ed600, 0x000002bab19eea20]
Event: 91.426 Thread 0x000002bac706e800 1416       3       org.eclipse.jdt.launching.internal.org.objectweb.asm.ClassReader::readCode (5089 bytes)
Event: 91.473 Thread 0x000002bac706e800 nmethod 1416 0x000002bab19ef290 code [0x000002bab19f0800, 0x000002bab1a02470]
Event: 91.473 Thread 0x000002bac706e800 1417       3       org.eclipse.jdt.launching.internal.org.objectweb.asm.ClassReader::readStackMapFrame (535 bytes)
Event: 91.476 Thread 0x000002bac706e800 nmethod 1417 0x000002bab1a0dd90 code [0x000002bab1a0e060, 0x000002bab1a0f320]
Event: 91.476 Thread 0x000002bac706e800 1418       3       org.eclipse.jdt.launching.internal.org.objectweb.asm.MethodWriter::visitFrame (787 bytes)
Event: 91.479 Thread 0x000002bac706e800 nmethod 1418 0x000002bab1a0fb10 code [0x000002bab1a10000, 0x000002bab1a122d0]

GC Heap History (6 events):
Event: 0.853 GC heap before
{Heap before GC invocations=0 (full 0):
 garbage-first heap   total 98304K, used 14336K [0x00000000a1400000, 0x00000000a1500300, 0x0000000100000000)
  region size 1024K, 14 young (14336K), 0 survivors (0K)
 Metaspace       used 12148K, capacity 12796K, committed 12928K, reserved 1060864K
  class space    used 1379K, capacity 1540K, committed 1664K, reserved 1048576K
}
Event: 0.861 GC heap after
{Heap after GC invocations=1 (full 0):
 garbage-first heap   total 98304K, used 2500K [0x00000000a1400000, 0x00000000a1500300, 0x0000000100000000)
  region size 1024K, 2 young (2048K), 2 survivors (2048K)
 Metaspace       used 12148K, capacity 12796K, committed 12928K, reserved 1060864K
  class space    used 1379K, capacity 1540K, committed 1664K, reserved 1048576K
}
Event: 1.413 GC heap before
{Heap before GC invocations=1 (full 0):
 garbage-first heap   total 98304K, used 12740K [0x00000000a1400000, 0x00000000a1500300, 0x0000000100000000)
  region size 1024K, 12 young (12288K), 2 survivors (2048K)
 Metaspace       used 15687K, capacity 16556K, committed 16896K, reserved 1064960K
  class space    used 1820K, capacity 1995K, committed 2048K, reserved 1048576K
}
Event: 1.420 GC heap after
{Heap after GC invocations=2 (full 0):
 garbage-first heap   total 98304K, used 5032K [0x00000000a1400000, 0x00000000a1500300, 0x0000000100000000)
  region size 1024K, 4 young (4096K), 4 survivors (4096K)
 Metaspace       used 15687K, capacity 16556K, committed 16896K, reserved 1064960K
  class space    used 1820K, capacity 1995K, committed 2048K, reserved 1048576K
}
Event: 1.651 GC heap before
{Heap before GC invocations=3 (full 0):
 garbage-first heap   total 98304K, used 79784K [0x00000000a1400000, 0x00000000a1500300, 0x0000000100000000)
  region size 1024K, 34 young (34816K), 4 survivors (4096K)
 Metaspace       used 15692K, capacity 16564K, committed 16896K, reserved 1064960K
  class space    used 1820K, capacity 1995K, committed 2048K, reserved 1048576K
}
Event: 1.658 GC heap after
{Heap after GC invocations=4 (full 0):
 garbage-first heap   total 98304K, used 49159K [0x00000000a1400000, 0x00000000a1500300, 0x0000000100000000)
  region size 1024K, 2 young (2048K), 2 survivors (2048K)
 Metaspace       used 15692K, capacity 16564K, committed 16896K, reserved 1064960K
  class space    used 1820K, capacity 1995K, committed 2048K, reserved 1048576K
}

Deoptimization events (5 events):
Event: 1.346 Thread 0x000002bac7cfb800 Uncommon trap: reason=unstable_if action=reinterpret pc=0x000002bab8cf4d44 method=java.lang.AbstractStringBuilder.append(Ljava/lang/String;)Ljava/lang/AbstractStringBuilder; @ 1 c2
Event: 1.346 Thread 0x000002bac7cfb800 Uncommon trap: reason=unstable_if action=reinterpret pc=0x000002bab8cf4078 method=java.lang.AbstractStringBuilder.append(Ljava/lang/String;)Ljava/lang/AbstractStringBuilder; @ 1 c2
Event: 1.401 Thread 0x000002bac7cfb800 Uncommon trap: reason=unstable_if action=reinterpret pc=0x000002bab8ce622c method=java.lang.StringLatin1.canEncode(I)Z @ 4 c2
Event: 1.401 Thread 0x000002bac7cfb800 Uncommon trap: reason=unstable_if action=reinterpret pc=0x000002bab8cc1650 method=java.lang.AbstractStringBuilder.isLatin1()Z @ 10 c2
Event: 1.401 Thread 0x000002bac7cfb800 Uncommon trap: reason=unstable_if action=reinterpret pc=0x000002bab8cb49f8 method=java.lang.AbstractStringBuilder.isLatin1()Z @ 10 c2

Classes redefined (2 events):
Event: 91.504 Thread 0x000002bac704c800 redefined class name=Modelo.Tablero, count=1
Event: 91.510 Thread 0x000002bac704c800 redefined class name=Modelo.Tablero$TAdapter, count=1

Internal exceptions (10 events):
Event: 0.797 Thread 0x000002baa8cc6000 Exception <a 'java/lang/ClassNotFoundException'{0x00000000a660adb8}: com/sun/swing/internal/plaf/metal/resources/spi/metalProvider> (0x00000000a660adb8) thrown at [t:/workspace/hotspot/src/share/vm/classfile/systemDictionary.cpp, line 218]
Event: 0.799 Thread 0x000002baa8cc6000 Exception <a 'java/lang/ClassNotFoundException'{0x00000000a6612a60}: com/sun/swing/internal/plaf/basic/resources/spi/basicProvider> (0x00000000a6612a60) thrown at [t:/workspace/hotspot/src/share/vm/classfile/systemDictionary.cpp, line 218]
Event: 0.988 Thread 0x000002baa8cc6000 Exception <a 'java/lang/NoSuchMethodError'{0x00000000a6f06ec0}: java.lang.invoke.DirectMethodHandle$Holder.invokeStatic(Ljava/lang/Object;Ljava/lang/Object;Ljava/lang/Object;Ljava/lang/Object;Ljava/lang/Object;Ljava/lang/Object;Ljava/lang/Object;Ljava/lan
Event: 0.991 Thread 0x000002baa8cc6000 Exception <a 'java/lang/NoSuchMethodError'{0x00000000a6f26788}: java.lang.invoke.DirectMethodHandle$Holder.invokeStatic(Ljava/lang/Object;Ljava/lang/Object;Ljava/lang/Object;Ljava/lang/Object;Ljava/lang/Object;Ljava/lang/Object;Ljava/lang/Object;Ljava/lan
Event: 0.995 Thread 0x000002baa8cc6000 Exception <a 'java/lang/NoSuchMethodError'{0x00000000a6f46e48}: java.lang.invoke.DirectMethodHandle$Holder.invokeStatic(Ljava/lang/Object;Ljava/lang/Object;Ljava/lang/Object;Ljava/lang/Object;Ljava/lang/Object;Ljava/lang/Object;Ljava/lang/Object;Ljava/lan
Event: 1.048 Thread 0x000002baa8cc6000 Exception <a 'java/lang/NoSuchMethodError'{0x00000000a6fae9e8}: java.lang.invoke.DirectMethodHandle$Holder.invokeStatic(Ljava/lang/Object;Ljava/lang/Object;Ljava/lang/Object;Ljava/lang/Object;Ljava/lang/Object;Ljava/lang/Object;Ljava/lang/Object;Ljava/lan
Event: 1.346 Thread 0x000002bac7cfb800 Implicit null exception at 0x000002bab8cf46f7 to 0x000002bab8cf4d29
Event: 1.346 Thread 0x000002bac7cfb800 Implicit null exception at 0x000002bab8cf3a77 to 0x000002bab8cf4065
Event: 1.410 Thread 0x000002bac7cfb800 Exception <a 'java/lang/NoSuchMethodError'{0x00000000a6a85f48}: method resolution failed> (0x00000000a6a85f48) thrown at [t:/workspace/hotspot/src/share/vm/prims/methodHandles.cpp, line 1256]
Event: 1.412 Thread 0x000002bac7cfb800 Exception <a 'java/lang/NoSuchMethodError'{0x00000000a6a8ded8}: method resolution failed> (0x00000000a6a8ded8) thrown at [t:/workspace/hotspot/src/share/vm/prims/methodHandles.cpp, line 1256]

Events (10 events):
Event: 91.606 Executing VM operation: GetCurrentContendedMonitor done
Event: 91.606 Executing VM operation: GetOwnedMonitorInfo
Event: 91.606 Executing VM operation: GetOwnedMonitorInfo done
Event: 91.656 Executing VM operation: GetCurrentContendedMonitor
Event: 91.656 Executing VM operation: GetCurrentContendedMonitor done
Event: 91.657 Executing VM operation: GetOwnedMonitorInfo
Event: 91.657 Executing VM operation: GetOwnedMonitorInfo done
Event: 91.786 Executing VM operation: GetFrameLocation
Event: 91.786 Executing VM operation: GetFrameLocation done
Event: 91.787 Executing VM operation: GetOrSetLocal


Dynamic libraries:
0x00007ff7b4a90000 - 0x00007ff7b4ace000 	C:\Program Files\Java\jre-9.0.1\bin\javaw.exe
0x00007ffe7f400000 - 0x00007ffe7f5f0000 	C:\WINDOWS\SYSTEM32\ntdll.dll
0x00007ffe7f100000 - 0x00007ffe7f1b2000 	C:\WINDOWS\System32\KERNEL32.DLL
0x00007ffe7c390000 - 0x00007ffe7c634000 	C:\WINDOWS\System32\KERNELBASE.dll
0x00007ffe7eb60000 - 0x00007ffe7ec03000 	C:\WINDOWS\System32\ADVAPI32.dll
0x00007ffe7e7a0000 - 0x00007ffe7e83e000 	C:\WINDOWS\System32\msvcrt.dll
0x00007ffe7f050000 - 0x00007ffe7f0e7000 	C:\WINDOWS\System32\sechost.dll
0x00007ffe7f220000 - 0x00007ffe7f340000 	C:\WINDOWS\System32\RPCRT4.dll
0x00007ffe7e8a0000 - 0x00007ffe7ea34000 	C:\WINDOWS\System32\USER32.dll
0x00007ffe7c6a0000 - 0x00007ffe7c6c1000 	C:\WINDOWS\System32\win32u.dll
0x00007ffe7ece0000 - 0x00007ffe7ed06000 	C:\WINDOWS\System32\GDI32.dll
0x00007ffe7c820000 - 0x00007ffe7c9b4000 	C:\WINDOWS\System32\gdi32full.dll
0x00007ffe7c780000 - 0x00007ffe7c81e000 	C:\WINDOWS\System32\msvcp_win.dll
0x00007ffe7d1c0000 - 0x00007ffe7d2ba000 	C:\WINDOWS\System32\ucrtbase.dll
0x00007ffe6f660000 - 0x00007ffe6f8e4000 	C:\WINDOWS\WinSxS\amd64_microsoft.windows.common-controls_6595b64144ccf1df_6.0.18362.836_none_e6c4b943130f18ed\COMCTL32.dll
0x00007ffe74e10000 - 0x00007ffe74e1a000 	C:\WINDOWS\SYSTEM32\VERSION.dll
0x00007ffe7d990000 - 0x00007ffe7dcc6000 	C:\WINDOWS\System32\combase.dll
0x00007ffe7d140000 - 0x00007ffe7d1c0000 	C:\WINDOWS\System32\bcryptPrimitives.dll
0x00007ffe7ed10000 - 0x00007ffe7ed3e000 	C:\WINDOWS\System32\IMM32.DLL
0x00007ffe585f0000 - 0x00007ffe586df000 	C:\Program Files\Java\jre-9.0.1\bin\msvcr120.dll
0x00007ffe550d0000 - 0x00007ffe55176000 	C:\Program Files\Java\jre-9.0.1\bin\msvcp120.dll
0x0000000059d60000 - 0x000000005a784000 	C:\Program Files\Java\jre-9.0.1\bin\server\jvm.dll
0x00007ffe7f0f0000 - 0x00007ffe7f0f8000 	C:\WINDOWS\System32\PSAPI.DLL
0x00007ffe72c10000 - 0x00007ffe72c34000 	C:\WINDOWS\SYSTEM32\WINMM.dll
0x00007ffe77f50000 - 0x00007ffe77f59000 	C:\WINDOWS\SYSTEM32\WSOCK32.dll
0x00007ffe7ea40000 - 0x00007ffe7eaaf000 	C:\WINDOWS\System32\WS2_32.dll
0x00007ffe72980000 - 0x00007ffe729ad000 	C:\WINDOWS\SYSTEM32\WINMMBASE.dll
0x00007ffe7d2c0000 - 0x00007ffe7d30a000 	C:\WINDOWS\System32\cfgmgr32.dll
0x00007ffe77450000 - 0x00007ffe7745f000 	C:\Program Files\Java\jre-9.0.1\bin\verify.dll
0x00007ffe703e0000 - 0x00007ffe70407000 	C:\Program Files\Java\jre-9.0.1\bin\java.dll
0x00007ffe48e60000 - 0x00007ffe48e96000 	C:\Program Files\Java\jre-9.0.1\bin\jdwp.dll
0x00007ffe52210000 - 0x00007ffe5223a000 	C:\Program Files\Java\jre-9.0.1\bin\instrument.dll
0x00007ffe6af10000 - 0x00007ffe6af26000 	C:\Program Files\Java\jre-9.0.1\bin\zip.dll
0x00007ffe769f0000 - 0x00007ffe769fa000 	C:\Program Files\Java\jre-9.0.1\bin\jimage.dll
0x00007ffe7dcd0000 - 0x00007ffe7e3b4000 	C:\WINDOWS\System32\SHELL32.dll
0x00007ffe7e6f0000 - 0x00007ffe7e799000 	C:\WINDOWS\System32\shcore.dll
0x00007ffe7c9c0000 - 0x00007ffe7d13e000 	C:\WINDOWS\System32\windows.storage.dll
0x00007ffe7c360000 - 0x00007ffe7c383000 	C:\WINDOWS\System32\profapi.dll
0x00007ffe7c2d0000 - 0x00007ffe7c31a000 	C:\WINDOWS\System32\powrprof.dll
0x00007ffe7c2c0000 - 0x00007ffe7c2d0000 	C:\WINDOWS\System32\UMPDC.dll
0x00007ffe7e670000 - 0x00007ffe7e6c2000 	C:\WINDOWS\System32\shlwapi.dll
0x00007ffe7c320000 - 0x00007ffe7c331000 	C:\WINDOWS\System32\kernel.appcore.dll
0x00007ffe7d310000 - 0x00007ffe7d327000 	C:\WINDOWS\System32\cryptsp.dll
0x00007ffe66ec0000 - 0x00007ffe66eda000 	C:\Program Files\Java\jre-9.0.1\bin\net.dll
0x00007ffe78240000 - 0x00007ffe78330000 	C:\WINDOWS\SYSTEM32\WINHTTP.dll
0x00007ffe7bad0000 - 0x00007ffe7bb37000 	C:\WINDOWS\system32\mswsock.dll
0x00007ffe61950000 - 0x00007ffe61961000 	C:\Program Files\Java\jre-9.0.1\bin\nio.dll
0x00007ffe73720000 - 0x00007ffe7372a000 	C:\Program Files\Java\jre-9.0.1\bin\dt_socket.dll
0x00007ffe7b820000 - 0x00007ffe7b8eb000 	C:\WINDOWS\SYSTEM32\DNSAPI.dll
0x00007ffe7ed40000 - 0x00007ffe7ed48000 	C:\WINDOWS\System32\NSI.dll
0x00007ffe7b7e0000 - 0x00007ffe7b81a000 	C:\WINDOWS\SYSTEM32\IPHLPAPI.DLL
0x00007ffe762d0000 - 0x00007ffe76347000 	C:\WINDOWS\System32\fwpuclnt.dll
0x00007ffe7d480000 - 0x00007ffe7d4a6000 	C:\WINDOWS\System32\bcrypt.dll
0x00007ffe74e00000 - 0x00007ffe74e0a000 	C:\Windows\System32\rasadhlp.dll
0x00007ffe37a10000 - 0x00007ffe37ba9000 	C:\Program Files\Java\jre-9.0.1\bin\awt.dll
0x00007ffe7ec10000 - 0x00007ffe7ecd4000 	C:\WINDOWS\System32\OLEAUT32.dll
0x00007ffe78ff0000 - 0x00007ffe795b0000 	C:\WINDOWS\SYSTEM32\d2d1.dll
0x00007ffe7a640000 - 0x00007ffe7a6cf000 	C:\WINDOWS\SYSTEM32\apphelp.dll
0x00007ffe7aa80000 - 0x00007ffe7aaad000 	C:\WINDOWS\system32\DWMAPI.DLL
0x00007ffe7a7e0000 - 0x00007ffe7a879000 	C:\WINDOWS\system32\uxtheme.dll
0x00007ffe54ea0000 - 0x00007ffe54ff6000 	C:\WINDOWS\system32\opengl32.dll
0x00007ffe55820000 - 0x00007ffe5584c000 	C:\WINDOWS\SYSTEM32\GLU32.dll
0x00007ffe7ad80000 - 0x00007ffe7ada0000 	C:\WINDOWS\SYSTEM32\dxcore.dll
0x00007ffe7ed50000 - 0x00007ffe7ee86000 	C:\WINDOWS\System32\MSCTF.dll
0x00007ffe7e440000 - 0x00007ffe7e597000 	C:\WINDOWS\System32\ole32.dll
0x00007ffe49d10000 - 0x00007ffe49dad000 	C:\Program Files\Java\jre-9.0.1\bin\fontmanager.dll
0x00007ffe7eab0000 - 0x00007ffe7eb52000 	C:\WINDOWS\System32\clbcatq.dll
0x00007ffe74a00000 - 0x00007ffe74baf000 	C:\WINDOWS\SYSTEM32\WindowsCodecs.dll
0x00007ffe5b850000 - 0x00007ffe5b88a000 	C:\WINDOWS\system32\dataexchange.dll
0x00007ffe79c70000 - 0x00007ffe79e4c000 	C:\WINDOWS\system32\dcomp.dll
0x00007ffe795b0000 - 0x00007ffe7980b000 	C:\WINDOWS\system32\d3d11.dll
0x00007ffe7ada0000 - 0x00007ffe7ae8b000 	C:\WINDOWS\system32\dxgi.dll
0x00007ffe7a3d0000 - 0x00007ffe7a631000 	C:\WINDOWS\system32\twinapi.appcore.dll
0x00007ffe7a990000 - 0x00007ffe7a9b9000 	C:\WINDOWS\system32\RMCLIENT.dll
0x00007ffe49cc0000 - 0x00007ffe49d02000 	C:\Program Files\Java\jre-9.0.1\bin\t2k.dll
0x00007ffe6ba70000 - 0x00007ffe6bb0e000 	C:\WINDOWS\System32\TextInputFramework.dll
0x00007ffe6b620000 - 0x00007ffe6b94a000 	C:\WINDOWS\System32\CoreUIComponents.dll
0x00007ffe7a2c0000 - 0x00007ffe7a394000 	C:\WINDOWS\System32\CoreMessaging.dll
0x00007ffe7b170000 - 0x00007ffe7b1a1000 	C:\WINDOWS\SYSTEM32\ntmarta.dll
0x00007ffe789b0000 - 0x00007ffe78b03000 	C:\WINDOWS\SYSTEM32\wintypes.dll
0x00007ffe60b30000 - 0x00007ffe60b5b000 	C:\Program Files\Java\jre-9.0.1\bin\javajpeg.dll
0x00007ffe6f200000 - 0x00007ffe6f4a6000 	C:\WINDOWS\System32\iertutil.dll
0x00007ffe766c0000 - 0x00007ffe768b4000 	C:\WINDOWS\SYSTEM32\dbghelp.dll

VM Arguments:
jvm_args: -agentlib:jdwp=transport=dt_socket,suspend=y,address=localhost:49536 -javaagent:C:\Users\ANGELA SANTA MARIA\eclipse\java-2019-12\eclipse\configuration\org.eclipse.osgi\226\0\.cp\lib\javaagent-shaded.jar -Dfile.encoding=Cp1252 
java_command: Modelo.VentanaInicio
java_class_path (initial): C:\Users\ANGELA SANTA MARIA\Desktop\Funda\src
Launcher Type: SUN_STANDARD

Logging:
Log output configuration:
#0: stdout all=warning uptime,level,tags
#1: stderr all=off uptime,level,tags

Environment Variables:
PATH=C:/Program Files/Java/jre1.8.0_111/bin/server;C:/Program Files/Java/jre1.8.0_111/bin;C:/Program Files/Java/jre1.8.0_111/lib/amd64;C:\ProgramData\Oracle\Java\javapath;C:\Program Files\Broadcom\Broadcom 802.11 Network Adapter;C:\Program Files (x86)\Intel\iCLS Client\;C:\Program Files\Intel\iCLS Client\;C:\WINDOWS\system32;C:\WINDOWS;C:\WINDOWS\System32\Wbem;C:\WINDOWS\System32\WindowsPowerShell\v1.0\;C:\Program Files\Intel\Intel(R) Management Engine Components\DAL;C:\Program Files (x86)\Intel\Intel(R) Management Engine Components\DAL;C:\Program Files\Intel\Intel(R) Management Engine Components\IPT;C:\Program Files (x86)\Intel\Intel(R) Management Engine Components\IPT;C:\Program Files (x86)\Skype\Phone\;C:\WINDOWS\System32\OpenSSH\;C:\Program Files (x86)\IVI Foundation\VISA\WinNT\Bin;C:\Program Files\Git\cmd;C:\Users\ANGELA SANTA MARIA\AppData\Local\Microsoft\WindowsApps;C:\Users\ANGELA SANTA MARIA\Desktop;
USERNAME=ANGELA SANTA MARIA
OS=Windows_NT
PROCESSOR_IDENTIFIER=Intel64 Family 6 Model 61 Stepping 4, GenuineIntel



---------------  S Y S T E M  ---------------

OS: Windows 10 , 64 bit Build 18362 (10.0.18362.778)

CPU:total 4 (initial active 4) (2 cores per cpu, 2 threads per core) family 6 model 61 stepping 4, cmov, cx8, fxsr, mmx, sse, sse2, sse3, ssse3, sse4.1, sse4.2, popcnt, avx, avx2, aes, clmul, erms, 3dnowpref, lzcnt, ht, tsc, tscinvbit, bmi1, bmi2, adx, fma

Memory: 4k page, physical 6203536k(942256k free), swap 21990392k(4929672k free)

vm_info: Java HotSpot(TM) 64-Bit Server VM (9.0.1+11) for windows-amd64 JRE (9.0.1+11), built on Sep 28 2017 04:54:03 by "mach5one" with MS VC++ 12.0 (VS2013)

END.
